ERROR - 2024-06-02 00:38:46 --> mysqli_sql_exception: Unknown column 'p.pres_prod_id' in 'on clause' in C:\xampp\htdocs\lab-backend\system\Database\MySQLi\Connection.php:295
Stack trace:
#0 C:\xampp\htdocs\lab-backend\system\Database\MySQLi\Connection.php(295): mysqli->query('SELECT *\nFROM `...', 0)
#1 C:\xampp\htdocs\lab-backend\system\Database\BaseConnection.php(691): CodeIgniter\Database\MySQLi\Connection->execute('SELECT *\nFROM `...')
#2 C:\xampp\htdocs\lab-backend\system\Database\BaseConnection.php(605): CodeIgniter\Database\BaseConnection->simpleQuery('SELECT *\nFROM `...')
#3 C:\xampp\htdocs\lab-backend\system\Database\BaseBuilder.php(1616): CodeIgniter\Database\BaseConnection->query('SELECT *\nFROM `...', Array, false)
#4 C:\xampp\htdocs\lab-backend\app\Models\PrestamoModel.php(26): CodeIgniter\Database\BaseBuilder->get()
#5 C:\xampp\htdocs\lab-backend\app\Controllers\Prestamo.php(20): App\Models\PrestamoModel->getPrestamo()
#6 C:\xampp\htdocs\lab-backend\system\CodeIgniter.php(934): App\Controllers\Prestamo->index()
#7 C:\xampp\htdocs\lab-backend\system\CodeIgniter.php(499): CodeIgniter\CodeIgniter->runController(Object(App\Controllers\Prestamo))
#8 C:\xampp\htdocs\lab-backend\system\CodeIgniter.php(368): CodeIgniter\CodeIgniter->handleRequest(NULL, Object(Config\Cache), false)
#9 C:\xampp\htdocs\lab-backend\index.php(67): CodeIgniter\CodeIgniter->run()
#10 {main}
CRITICAL - 2024-06-02 00:38:46 --> Unknown column 'p.pres_prod_id' in 'on clause'
in SYSTEMPATH\Database\MySQLi\Connection.php on line 295.
 1 SYSTEMPATH\Database\MySQLi\Connection.php(295): mysqli->query('SELECT *
FROM `prestamo` `p`
JOIN `producto` `pr` ON `pr`.`prod_id` = `p`.`pres_prod_id`
JOIN `usuario` `u` ON `u`.`usua_id` = `p`.`pres_usua_id`
JOIN `laboratorio` `l` ON `l`.`labo_id` = `p`.`pres_labo_id`', 0)
 2 SYSTEMPATH\Database\BaseConnection.php(691): CodeIgniter\Database\MySQLi\Connection->execute('SELECT *
FROM `prestamo` `p`
JOIN `producto` `pr` ON `pr`.`prod_id` = `p`.`pres_prod_id`
JOIN `usuario` `u` ON `u`.`usua_id` = `p`.`pres_usua_id`
JOIN `laboratorio` `l` ON `l`.`labo_id` = `p`.`pres_labo_id`')
 3 SYSTEMPATH\Database\BaseConnection.php(605): CodeIgniter\Database\BaseConnection->simpleQuery('SELECT *
FROM `prestamo` `p`
JOIN `producto` `pr` ON `pr`.`prod_id` = `p`.`pres_prod_id`
JOIN `usuario` `u` ON `u`.`usua_id` = `p`.`pres_usua_id`
JOIN `laboratorio` `l` ON `l`.`labo_id` = `p`.`pres_labo_id`')
 4 SYSTEMPATH\Database\BaseBuilder.php(1616): CodeIgniter\Database\BaseConnection->query('SELECT *
FROM `prestamo` `p`
JOIN `producto` `pr` ON `pr`.`prod_id` = `p`.`pres_prod_id`
JOIN `usuario` `u` ON `u`.`usua_id` = `p`.`pres_usua_id`
JOIN `laboratorio` `l` ON `l`.`labo_id` = `p`.`pres_labo_id`', [], false)
 5 APPPATH\Models\PrestamoModel.php(26): CodeIgniter\Database\BaseBuilder->get()
 6 APPPATH\Controllers\Prestamo.php(20): App\Models\PrestamoModel->getPrestamo()
 7 SYSTEMPATH\CodeIgniter.php(934): App\Controllers\Prestamo->index()
 8 SYSTEMPATH\CodeIgniter.php(499): CodeIgniter\CodeIgniter->runController(Object(App\Controllers\Prestamo))
 9 SYSTEMPATH\CodeIgniter.php(368): CodeIgniter\CodeIgniter->handleRequest(null, Object(Config\Cache), false)
10 FCPATH\index.php(67): CodeIgniter\CodeIgniter->run()
ERROR - 2024-06-02 00:38:49 --> mysqli_sql_exception: Unknown column 'p.pres_prod_id' in 'on clause' in C:\xampp\htdocs\lab-backend\system\Database\MySQLi\Connection.php:295
Stack trace:
#0 C:\xampp\htdocs\lab-backend\system\Database\MySQLi\Connection.php(295): mysqli->query('SELECT *\nFROM `...', 0)
#1 C:\xampp\htdocs\lab-backend\system\Database\BaseConnection.php(691): CodeIgniter\Database\MySQLi\Connection->execute('SELECT *\nFROM `...')
#2 C:\xampp\htdocs\lab-backend\system\Database\BaseConnection.php(605): CodeIgniter\Database\BaseConnection->simpleQuery('SELECT *\nFROM `...')
#3 C:\xampp\htdocs\lab-backend\system\Database\BaseBuilder.php(1616): CodeIgniter\Database\BaseConnection->query('SELECT *\nFROM `...', Array, false)
#4 C:\xampp\htdocs\lab-backend\app\Models\PrestamoModel.php(26): CodeIgniter\Database\BaseBuilder->get()
#5 C:\xampp\htdocs\lab-backend\app\Controllers\Prestamo.php(20): App\Models\PrestamoModel->getPrestamo()
#6 C:\xampp\htdocs\lab-backend\system\CodeIgniter.php(934): App\Controllers\Prestamo->index()
#7 C:\xampp\htdocs\lab-backend\system\CodeIgniter.php(499): CodeIgniter\CodeIgniter->runController(Object(App\Controllers\Prestamo))
#8 C:\xampp\htdocs\lab-backend\system\CodeIgniter.php(368): CodeIgniter\CodeIgniter->handleRequest(NULL, Object(Config\Cache), false)
#9 C:\xampp\htdocs\lab-backend\index.php(67): CodeIgniter\CodeIgniter->run()
#10 {main}
CRITICAL - 2024-06-02 00:38:49 --> Unknown column 'p.pres_prod_id' in 'on clause'
in SYSTEMPATH\Database\MySQLi\Connection.php on line 295.
 1 SYSTEMPATH\Database\MySQLi\Connection.php(295): mysqli->query('SELECT *
FROM `prestamo` `p`
JOIN `producto` `pr` ON `pr`.`prod_id` = `p`.`pres_prod_id`
JOIN `usuario` `u` ON `u`.`usua_id` = `p`.`pres_usua_id`
JOIN `laboratorio` `l` ON `l`.`labo_id` = `p`.`pres_labo_id`', 0)
 2 SYSTEMPATH\Database\BaseConnection.php(691): CodeIgniter\Database\MySQLi\Connection->execute('SELECT *
FROM `prestamo` `p`
JOIN `producto` `pr` ON `pr`.`prod_id` = `p`.`pres_prod_id`
JOIN `usuario` `u` ON `u`.`usua_id` = `p`.`pres_usua_id`
JOIN `laboratorio` `l` ON `l`.`labo_id` = `p`.`pres_labo_id`')
 3 SYSTEMPATH\Database\BaseConnection.php(605): CodeIgniter\Database\BaseConnection->simpleQuery('SELECT *
FROM `prestamo` `p`
JOIN `producto` `pr` ON `pr`.`prod_id` = `p`.`pres_prod_id`
JOIN `usuario` `u` ON `u`.`usua_id` = `p`.`pres_usua_id`
JOIN `laboratorio` `l` ON `l`.`labo_id` = `p`.`pres_labo_id`')
 4 SYSTEMPATH\Database\BaseBuilder.php(1616): CodeIgniter\Database\BaseConnection->query('SELECT *
FROM `prestamo` `p`
JOIN `producto` `pr` ON `pr`.`prod_id` = `p`.`pres_prod_id`
JOIN `usuario` `u` ON `u`.`usua_id` = `p`.`pres_usua_id`
JOIN `laboratorio` `l` ON `l`.`labo_id` = `p`.`pres_labo_id`', [], false)
 5 APPPATH\Models\PrestamoModel.php(26): CodeIgniter\Database\BaseBuilder->get()
 6 APPPATH\Controllers\Prestamo.php(20): App\Models\PrestamoModel->getPrestamo()
 7 SYSTEMPATH\CodeIgniter.php(934): App\Controllers\Prestamo->index()
 8 SYSTEMPATH\CodeIgniter.php(499): CodeIgniter\CodeIgniter->runController(Object(App\Controllers\Prestamo))
 9 SYSTEMPATH\CodeIgniter.php(368): CodeIgniter\CodeIgniter->handleRequest(null, Object(Config\Cache), false)
10 FCPATH\index.php(67): CodeIgniter\CodeIgniter->run()
ERROR - 2024-06-02 00:46:43 --> mysqli_sql_exception: Unknown column 'p.pres_prod_id' in 'on clause' in C:\xampp\htdocs\lab-backend\system\Database\MySQLi\Connection.php:295
Stack trace:
#0 C:\xampp\htdocs\lab-backend\system\Database\MySQLi\Connection.php(295): mysqli->query('SELECT *\nFROM `...', 0)
#1 C:\xampp\htdocs\lab-backend\system\Database\BaseConnection.php(691): CodeIgniter\Database\MySQLi\Connection->execute('SELECT *\nFROM `...')
#2 C:\xampp\htdocs\lab-backend\system\Database\BaseConnection.php(605): CodeIgniter\Database\BaseConnection->simpleQuery('SELECT *\nFROM `...')
#3 C:\xampp\htdocs\lab-backend\system\Database\BaseBuilder.php(1616): CodeIgniter\Database\BaseConnection->query('SELECT *\nFROM `...', Array, false)
#4 C:\xampp\htdocs\lab-backend\app\Models\PrestamoModel.php(26): CodeIgniter\Database\BaseBuilder->get()
#5 C:\xampp\htdocs\lab-backend\app\Controllers\Prestamo.php(20): App\Models\PrestamoModel->getPrestamo()
#6 C:\xampp\htdocs\lab-backend\system\CodeIgniter.php(934): App\Controllers\Prestamo->index()
#7 C:\xampp\htdocs\lab-backend\system\CodeIgniter.php(499): CodeIgniter\CodeIgniter->runController(Object(App\Controllers\Prestamo))
#8 C:\xampp\htdocs\lab-backend\system\CodeIgniter.php(368): CodeIgniter\CodeIgniter->handleRequest(NULL, Object(Config\Cache), false)
#9 C:\xampp\htdocs\lab-backend\index.php(67): CodeIgniter\CodeIgniter->run()
#10 {main}
CRITICAL - 2024-06-02 00:46:43 --> Unknown column 'p.pres_prod_id' in 'on clause'
in SYSTEMPATH\Database\MySQLi\Connection.php on line 295.
 1 SYSTEMPATH\Database\MySQLi\Connection.php(295): mysqli->query('SELECT *
FROM `prestamo` `p`
JOIN `producto` `pr` ON `pr`.`prod_id` = `p`.`pres_prod_id`
JOIN `usuario` `u` ON `u`.`usua_id` = `p`.`pres_usua_id`
JOIN `laboratorio` `l` ON `l`.`labo_id` = `p`.`pres_labo_id`', 0)
 2 SYSTEMPATH\Database\BaseConnection.php(691): CodeIgniter\Database\MySQLi\Connection->execute('SELECT *
FROM `prestamo` `p`
JOIN `producto` `pr` ON `pr`.`prod_id` = `p`.`pres_prod_id`
JOIN `usuario` `u` ON `u`.`usua_id` = `p`.`pres_usua_id`
JOIN `laboratorio` `l` ON `l`.`labo_id` = `p`.`pres_labo_id`')
 3 SYSTEMPATH\Database\BaseConnection.php(605): CodeIgniter\Database\BaseConnection->simpleQuery('SELECT *
FROM `prestamo` `p`
JOIN `producto` `pr` ON `pr`.`prod_id` = `p`.`pres_prod_id`
JOIN `usuario` `u` ON `u`.`usua_id` = `p`.`pres_usua_id`
JOIN `laboratorio` `l` ON `l`.`labo_id` = `p`.`pres_labo_id`')
 4 SYSTEMPATH\Database\BaseBuilder.php(1616): CodeIgniter\Database\BaseConnection->query('SELECT *
FROM `prestamo` `p`
JOIN `producto` `pr` ON `pr`.`prod_id` = `p`.`pres_prod_id`
JOIN `usuario` `u` ON `u`.`usua_id` = `p`.`pres_usua_id`
JOIN `laboratorio` `l` ON `l`.`labo_id` = `p`.`pres_labo_id`', [], false)
 5 APPPATH\Models\PrestamoModel.php(26): CodeIgniter\Database\BaseBuilder->get()
 6 APPPATH\Controllers\Prestamo.php(20): App\Models\PrestamoModel->getPrestamo()
 7 SYSTEMPATH\CodeIgniter.php(934): App\Controllers\Prestamo->index()
 8 SYSTEMPATH\CodeIgniter.php(499): CodeIgniter\CodeIgniter->runController(Object(App\Controllers\Prestamo))
 9 SYSTEMPATH\CodeIgniter.php(368): CodeIgniter\CodeIgniter->handleRequest(null, Object(Config\Cache), false)
10 FCPATH\index.php(67): CodeIgniter\CodeIgniter->run()
ERROR - 2024-06-02 00:46:48 --> mysqli_sql_exception: Unknown column 'p.pres_prod_id' in 'on clause' in C:\xampp\htdocs\lab-backend\system\Database\MySQLi\Connection.php:295
Stack trace:
#0 C:\xampp\htdocs\lab-backend\system\Database\MySQLi\Connection.php(295): mysqli->query('SELECT *\nFROM `...', 0)
#1 C:\xampp\htdocs\lab-backend\system\Database\BaseConnection.php(691): CodeIgniter\Database\MySQLi\Connection->execute('SELECT *\nFROM `...')
#2 C:\xampp\htdocs\lab-backend\system\Database\BaseConnection.php(605): CodeIgniter\Database\BaseConnection->simpleQuery('SELECT *\nFROM `...')
#3 C:\xampp\htdocs\lab-backend\system\Database\BaseBuilder.php(1616): CodeIgniter\Database\BaseConnection->query('SELECT *\nFROM `...', Array, false)
#4 C:\xampp\htdocs\lab-backend\app\Models\PrestamoModel.php(26): CodeIgniter\Database\BaseBuilder->get()
#5 C:\xampp\htdocs\lab-backend\app\Controllers\Prestamo.php(20): App\Models\PrestamoModel->getPrestamo()
#6 C:\xampp\htdocs\lab-backend\system\CodeIgniter.php(934): App\Controllers\Prestamo->index()
#7 C:\xampp\htdocs\lab-backend\system\CodeIgniter.php(499): CodeIgniter\CodeIgniter->runController(Object(App\Controllers\Prestamo))
#8 C:\xampp\htdocs\lab-backend\system\CodeIgniter.php(368): CodeIgniter\CodeIgniter->handleRequest(NULL, Object(Config\Cache), false)
#9 C:\xampp\htdocs\lab-backend\index.php(67): CodeIgniter\CodeIgniter->run()
#10 {main}
CRITICAL - 2024-06-02 00:46:48 --> Unknown column 'p.pres_prod_id' in 'on clause'
in SYSTEMPATH\Database\MySQLi\Connection.php on line 295.
 1 SYSTEMPATH\Database\MySQLi\Connection.php(295): mysqli->query('SELECT *
FROM `prestamo` `p`
JOIN `producto` `pr` ON `pr`.`prod_id` = `p`.`pres_prod_id`
JOIN `usuario` `u` ON `u`.`usua_id` = `p`.`pres_usua_id`
JOIN `laboratorio` `l` ON `l`.`labo_id` = `p`.`pres_labo_id`', 0)
 2 SYSTEMPATH\Database\BaseConnection.php(691): CodeIgniter\Database\MySQLi\Connection->execute('SELECT *
FROM `prestamo` `p`
JOIN `producto` `pr` ON `pr`.`prod_id` = `p`.`pres_prod_id`
JOIN `usuario` `u` ON `u`.`usua_id` = `p`.`pres_usua_id`
JOIN `laboratorio` `l` ON `l`.`labo_id` = `p`.`pres_labo_id`')
 3 SYSTEMPATH\Database\BaseConnection.php(605): CodeIgniter\Database\BaseConnection->simpleQuery('SELECT *
FROM `prestamo` `p`
JOIN `producto` `pr` ON `pr`.`prod_id` = `p`.`pres_prod_id`
JOIN `usuario` `u` ON `u`.`usua_id` = `p`.`pres_usua_id`
JOIN `laboratorio` `l` ON `l`.`labo_id` = `p`.`pres_labo_id`')
 4 SYSTEMPATH\Database\BaseBuilder.php(1616): CodeIgniter\Database\BaseConnection->query('SELECT *
FROM `prestamo` `p`
JOIN `producto` `pr` ON `pr`.`prod_id` = `p`.`pres_prod_id`
JOIN `usuario` `u` ON `u`.`usua_id` = `p`.`pres_usua_id`
JOIN `laboratorio` `l` ON `l`.`labo_id` = `p`.`pres_labo_id`', [], false)
 5 APPPATH\Models\PrestamoModel.php(26): CodeIgniter\Database\BaseBuilder->get()
 6 APPPATH\Controllers\Prestamo.php(20): App\Models\PrestamoModel->getPrestamo()
 7 SYSTEMPATH\CodeIgniter.php(934): App\Controllers\Prestamo->index()
 8 SYSTEMPATH\CodeIgniter.php(499): CodeIgniter\CodeIgniter->runController(Object(App\Controllers\Prestamo))
 9 SYSTEMPATH\CodeIgniter.php(368): CodeIgniter\CodeIgniter->handleRequest(null, Object(Config\Cache), false)
10 FCPATH\index.php(67): CodeIgniter\CodeIgniter->run()
CRITICAL - 2024-06-02 00:50:56 --> Call to undefined method App\Models\UsuarioLaboratorioModel::getEscuelaLaboratorio
in SYSTEMPATH\Model.php on line 842.
 1 APPPATH\Controllers\UsuarioLaboratorio.php(20): CodeIgniter\Model->__call('getEscuelaLaboratorio', [])
 2 SYSTEMPATH\CodeIgniter.php(934): App\Controllers\UsuarioLaboratorio->index()
 3 SYSTEMPATH\CodeIgniter.php(499): CodeIgniter\CodeIgniter->runController(Object(App\Controllers\UsuarioLaboratorio))
 4 SYSTEMPATH\CodeIgniter.php(368): CodeIgniter\CodeIgniter->handleRequest(null, Object(Config\Cache), false)
 5 FCPATH\index.php(67): CodeIgniter\CodeIgniter->run()
CRITICAL - 2024-06-02 00:51:00 --> Call to undefined method App\Models\UsuarioLaboratorioModel::getEscuelaLaboratorio
in SYSTEMPATH\Model.php on line 842.
 1 APPPATH\Controllers\UsuarioLaboratorio.php(20): CodeIgniter\Model->__call('getEscuelaLaboratorio', [])
 2 SYSTEMPATH\CodeIgniter.php(934): App\Controllers\UsuarioLaboratorio->index()
 3 SYSTEMPATH\CodeIgniter.php(499): CodeIgniter\CodeIgniter->runController(Object(App\Controllers\UsuarioLaboratorio))
 4 SYSTEMPATH\CodeIgniter.php(368): CodeIgniter\CodeIgniter->handleRequest(null, Object(Config\Cache), false)
 5 FCPATH\index.php(67): CodeIgniter\CodeIgniter->run()
ERROR - 2024-06-02 00:51:26 --> mysqli_sql_exception: Unknown column 'ul_estado' in 'where clause' in C:\xampp\htdocs\lab-backend\system\Database\MySQLi\Connection.php:295
Stack trace:
#0 C:\xampp\htdocs\lab-backend\system\Database\MySQLi\Connection.php(295): mysqli->query('SELECT *\nFROM `...', 0)
#1 C:\xampp\htdocs\lab-backend\system\Database\BaseConnection.php(691): CodeIgniter\Database\MySQLi\Connection->execute('SELECT *\nFROM `...')
#2 C:\xampp\htdocs\lab-backend\system\Database\BaseConnection.php(605): CodeIgniter\Database\BaseConnection->simpleQuery('SELECT *\nFROM `...')
#3 C:\xampp\htdocs\lab-backend\system\Database\BaseBuilder.php(1616): CodeIgniter\Database\BaseConnection->query('SELECT *\nFROM `...', Array, false)
#4 C:\xampp\htdocs\lab-backend\app\Models\UsuarioLaboratorioModel.php(22): CodeIgniter\Database\BaseBuilder->get()
#5 C:\xampp\htdocs\lab-backend\app\Controllers\UsuarioLaboratorio.php(20): App\Models\UsuarioLaboratorioModel->getUsuarioLaboratorio()
#6 C:\xampp\htdocs\lab-backend\system\CodeIgniter.php(934): App\Controllers\UsuarioLaboratorio->index()
#7 C:\xampp\htdocs\lab-backend\system\CodeIgniter.php(499): CodeIgniter\CodeIgniter->runController(Object(App\Controllers\UsuarioLaboratorio))
#8 C:\xampp\htdocs\lab-backend\system\CodeIgniter.php(368): CodeIgniter\CodeIgniter->handleRequest(NULL, Object(Config\Cache), false)
#9 C:\xampp\htdocs\lab-backend\index.php(67): CodeIgniter\CodeIgniter->run()
#10 {main}
CRITICAL - 2024-06-02 00:51:26 --> Unknown column 'ul_estado' in 'where clause'
in SYSTEMPATH\Database\MySQLi\Connection.php on line 295.
 1 SYSTEMPATH\Database\MySQLi\Connection.php(295): mysqli->query('SELECT *
FROM `usuario_laboratorio` `ul`
JOIN `usuario` `u` ON `u`.`usua_id` = `ul`.`eusla_escu_id`
JOIN `laboratorio` `l` ON `l`.`labo_id` = `ul`.`usla_labo_id`
WHERE `ul_estado` = 1', 0)
 2 SYSTEMPATH\Database\BaseConnection.php(691): CodeIgniter\Database\MySQLi\Connection->execute('SELECT *
FROM `usuario_laboratorio` `ul`
JOIN `usuario` `u` ON `u`.`usua_id` = `ul`.`eusla_escu_id`
JOIN `laboratorio` `l` ON `l`.`labo_id` = `ul`.`usla_labo_id`
WHERE `ul_estado` = 1')
 3 SYSTEMPATH\Database\BaseConnection.php(605): CodeIgniter\Database\BaseConnection->simpleQuery('SELECT *
FROM `usuario_laboratorio` `ul`
JOIN `usuario` `u` ON `u`.`usua_id` = `ul`.`eusla_escu_id`
JOIN `laboratorio` `l` ON `l`.`labo_id` = `ul`.`usla_labo_id`
WHERE `ul_estado` = 1')
 4 SYSTEMPATH\Database\BaseBuilder.php(1616): CodeIgniter\Database\BaseConnection->query('SELECT *
FROM `usuario_laboratorio` `ul`
JOIN `usuario` `u` ON `u`.`usua_id` = `ul`.`eusla_escu_id`
JOIN `laboratorio` `l` ON `l`.`labo_id` = `ul`.`usla_labo_id`
WHERE `ul_estado` = :ul_estado:', [...], false)
 5 APPPATH\Models\UsuarioLaboratorioModel.php(22): CodeIgniter\Database\BaseBuilder->get()
 6 APPPATH\Controllers\UsuarioLaboratorio.php(20): App\Models\UsuarioLaboratorioModel->getUsuarioLaboratorio()
 7 SYSTEMPATH\CodeIgniter.php(934): App\Controllers\UsuarioLaboratorio->index()
 8 SYSTEMPATH\CodeIgniter.php(499): CodeIgniter\CodeIgniter->runController(Object(App\Controllers\UsuarioLaboratorio))
 9 SYSTEMPATH\CodeIgniter.php(368): CodeIgniter\CodeIgniter->handleRequest(null, Object(Config\Cache), false)
10 FCPATH\index.php(67): CodeIgniter\CodeIgniter->run()
CRITICAL - 2024-06-02 19:03:52 --> Call to undefined method App\Models\UsuarioModel::getLogin
in SYSTEMPATH\Model.php on line 842.
 1 APPPATH\Controllers\Usuario.php(42): CodeIgniter\Model->__call('getLogin', [...])
 2 SYSTEMPATH\CodeIgniter.php(934): App\Controllers\Usuario->show('undefined')
 3 SYSTEMPATH\CodeIgniter.php(499): CodeIgniter\CodeIgniter->runController(Object(App\Controllers\Usuario))
 4 SYSTEMPATH\CodeIgniter.php(368): CodeIgniter\CodeIgniter->handleRequest(null, Object(Config\Cache), false)
 5 FCPATH\index.php(67): CodeIgniter\CodeIgniter->run()
CRITICAL - 2024-06-02 19:04:05 --> Call to undefined method App\Models\UsuarioModel::getLogin
in SYSTEMPATH\Model.php on line 842.
 1 APPPATH\Controllers\Usuario.php(42): CodeIgniter\Model->__call('getLogin', [...])
 2 SYSTEMPATH\CodeIgniter.php(934): App\Controllers\Usuario->show('undefined')
 3 SYSTEMPATH\CodeIgniter.php(499): CodeIgniter\CodeIgniter->runController(Object(App\Controllers\Usuario))
 4 SYSTEMPATH\CodeIgniter.php(368): CodeIgniter\CodeIgniter->handleRequest(null, Object(Config\Cache), false)
 5 FCPATH\index.php(67): CodeIgniter\CodeIgniter->run()
CRITICAL - 2024-06-02 19:05:15 --> Call to undefined method App\Models\UsuarioModel::getLogin
in SYSTEMPATH\Model.php on line 842.
 1 APPPATH\Controllers\Usuario.php(42): CodeIgniter\Model->__call('getLogin', [...])
 2 SYSTEMPATH\CodeIgniter.php(934): App\Controllers\Usuario->show('undefined')
 3 SYSTEMPATH\CodeIgniter.php(499): CodeIgniter\CodeIgniter->runController(Object(App\Controllers\Usuario))
 4 SYSTEMPATH\CodeIgniter.php(368): CodeIgniter\CodeIgniter->handleRequest(null, Object(Config\Cache), false)
 5 FCPATH\index.php(67): CodeIgniter\CodeIgniter->run()
CRITICAL - 2024-06-02 19:05:22 --> Call to undefined method App\Models\UsuarioModel::getLogin
in SYSTEMPATH\Model.php on line 842.
 1 APPPATH\Controllers\Usuario.php(42): CodeIgniter\Model->__call('getLogin', [...])
 2 SYSTEMPATH\CodeIgniter.php(934): App\Controllers\Usuario->show('undefined')
 3 SYSTEMPATH\CodeIgniter.php(499): CodeIgniter\CodeIgniter->runController(Object(App\Controllers\Usuario))
 4 SYSTEMPATH\CodeIgniter.php(368): CodeIgniter\CodeIgniter->handleRequest(null, Object(Config\Cache), false)
 5 FCPATH\index.php(67): CodeIgniter\CodeIgniter->run()
CRITICAL - 2024-06-02 19:07:17 --> Call to undefined method App\Models\UsuarioModel::getLogin
in SYSTEMPATH\Model.php on line 842.
 1 APPPATH\Controllers\Usuario.php(42): CodeIgniter\Model->__call('getLogin', [...])
 2 SYSTEMPATH\CodeIgniter.php(934): App\Controllers\Usuario->show('undefined')
 3 SYSTEMPATH\CodeIgniter.php(499): CodeIgniter\CodeIgniter->runController(Object(App\Controllers\Usuario))
 4 SYSTEMPATH\CodeIgniter.php(368): CodeIgniter\CodeIgniter->handleRequest(null, Object(Config\Cache), false)
 5 FCPATH\index.php(67): CodeIgniter\CodeIgniter->run()
CRITICAL - 2024-06-02 19:07:38 --> Call to undefined method App\Models\UsuarioModel::getLogin
in SYSTEMPATH\Model.php on line 842.
 1 APPPATH\Controllers\Usuario.php(42): CodeIgniter\Model->__call('getLogin', [...])
 2 SYSTEMPATH\CodeIgniter.php(934): App\Controllers\Usuario->show('undefined')
 3 SYSTEMPATH\CodeIgniter.php(499): CodeIgniter\CodeIgniter->runController(Object(App\Controllers\Usuario))
 4 SYSTEMPATH\CodeIgniter.php(368): CodeIgniter\CodeIgniter->handleRequest(null, Object(Config\Cache), false)
 5 FCPATH\index.php(67): CodeIgniter\CodeIgniter->run()
CRITICAL - 2024-06-02 19:09:37 --> Call to undefined method App\Models\UsuarioModel::getLogin
in SYSTEMPATH\Model.php on line 842.
 1 APPPATH\Controllers\Usuario.php(42): CodeIgniter\Model->__call('getLogin', [...])
 2 SYSTEMPATH\CodeIgniter.php(934): App\Controllers\Usuario->show('undefined')
 3 SYSTEMPATH\CodeIgniter.php(499): CodeIgniter\CodeIgniter->runController(Object(App\Controllers\Usuario))
 4 SYSTEMPATH\CodeIgniter.php(368): CodeIgniter\CodeIgniter->handleRequest(null, Object(Config\Cache), false)
 5 FCPATH\index.php(67): CodeIgniter\CodeIgniter->run()
CRITICAL - 2024-06-02 19:10:01 --> Call to undefined method App\Models\UsuarioModel::getLogin
in SYSTEMPATH\Model.php on line 842.
 1 APPPATH\Controllers\Usuario.php(42): CodeIgniter\Model->__call('getLogin', [...])
 2 SYSTEMPATH\CodeIgniter.php(934): App\Controllers\Usuario->show('undefined')
 3 SYSTEMPATH\CodeIgniter.php(499): CodeIgniter\CodeIgniter->runController(Object(App\Controllers\Usuario))
 4 SYSTEMPATH\CodeIgniter.php(368): CodeIgniter\CodeIgniter->handleRequest(null, Object(Config\Cache), false)
 5 FCPATH\index.php(67): CodeIgniter\CodeIgniter->run()
CRITICAL - 2024-06-02 19:10:46 --> Call to undefined method App\Models\UsuarioModel::getLogin
in SYSTEMPATH\Model.php on line 842.
 1 APPPATH\Controllers\Usuario.php(42): CodeIgniter\Model->__call('getLogin', [...])
 2 SYSTEMPATH\CodeIgniter.php(934): App\Controllers\Usuario->show('undefined')
 3 SYSTEMPATH\CodeIgniter.php(499): CodeIgniter\CodeIgniter->runController(Object(App\Controllers\Usuario))
 4 SYSTEMPATH\CodeIgniter.php(368): CodeIgniter\CodeIgniter->handleRequest(null, Object(Config\Cache), false)
 5 FCPATH\index.php(67): CodeIgniter\CodeIgniter->run()
