CRITICAL - 2024-06-17 05:39:55 --> Call to a member function getRandomName() on null
in APPPATH\Controllers\Prestamo.php on line 144.
 1 SYSTEMPATH\CodeIgniter.php(934): App\Controllers\Prestamo->create()
 2 SYSTEMPATH\CodeIgniter.php(499): CodeIgniter\CodeIgniter->runController(Object(App\Controllers\Prestamo))
 3 SYSTEMPATH\CodeIgniter.php(368): CodeIgniter\CodeIgniter->handleRequest(null, Object(Config\Cache), false)
 4 FCPATH\index.php(67): CodeIgniter\CodeIgniter->run()
ERROR - 2024-06-17 14:27:31 --> mysqli_sql_exception: Column 'inve_cantidad_disponible' cannot be null in C:\xampp\htdocs\lab-backend\system\Database\MySQLi\Connection.php:295
Stack trace:
#0 C:\xampp\htdocs\lab-backend\system\Database\MySQLi\Connection.php(295): mysqli->query('INSERT INTO `in...', 0)
#1 C:\xampp\htdocs\lab-backend\system\Database\BaseConnection.php(691): CodeIgniter\Database\MySQLi\Connection->execute('INSERT INTO `in...')
#2 C:\xampp\htdocs\lab-backend\system\Database\BaseConnection.php(605): CodeIgniter\Database\BaseConnection->simpleQuery('INSERT INTO `in...')
#3 C:\xampp\htdocs\lab-backend\system\Database\BaseBuilder.php(2309): CodeIgniter\Database\BaseConnection->query('INSERT INTO `in...', Array, false)
#4 C:\xampp\htdocs\lab-backend\system\Model.php(330): CodeIgniter\Database\BaseBuilder->insert()
#5 C:\xampp\htdocs\lab-backend\system\BaseModel.php(782): CodeIgniter\Model->doInsert(Array)
#6 C:\xampp\htdocs\lab-backend\system\Model.php(730): CodeIgniter\BaseModel->insert(Array, true)
#7 C:\xampp\htdocs\lab-backend\app\Controllers\Inventario.php(138): CodeIgniter\Model->insert(Array)
#8 C:\xampp\htdocs\lab-backend\system\CodeIgniter.php(934): App\Controllers\Inventario->create()
#9 C:\xampp\htdocs\lab-backend\system\CodeIgniter.php(499): CodeIgniter\CodeIgniter->runController(Object(App\Controllers\Inventario))
#10 C:\xampp\htdocs\lab-backend\system\CodeIgniter.php(368): CodeIgniter\CodeIgniter->handleRequest(NULL, Object(Config\Cache), false)
#11 C:\xampp\htdocs\lab-backend\index.php(67): CodeIgniter\CodeIgniter->run()
#12 {main}
CRITICAL - 2024-06-17 14:27:31 --> Column 'inve_cantidad_disponible' cannot be null
in SYSTEMPATH\Database\MySQLi\Connection.php on line 295.
 1 SYSTEMPATH\Database\MySQLi\Connection.php(295): mysqli->query('INSERT INTO `inventario` (`inve_tipomovimiento`, `inve_prod_id`, `inve_cantidad_disponible`, `inve_labo_id`, `inve_fecha`) VALUES (\'Ingreso\', \'2\', NULL, \'3\', \'2024-06-7 23:31:21\')', 0)
 2 SYSTEMPATH\Database\BaseConnection.php(691): CodeIgniter\Database\MySQLi\Connection->execute('INSERT INTO `inventario` (`inve_tipomovimiento`, `inve_prod_id`, `inve_cantidad_disponible`, `inve_labo_id`, `inve_fecha`) VALUES (\'Ingreso\', \'2\', NULL, \'3\', \'2024-06-7 23:31:21\')')
 3 SYSTEMPATH\Database\BaseConnection.php(605): CodeIgniter\Database\BaseConnection->simpleQuery('INSERT INTO `inventario` (`inve_tipomovimiento`, `inve_prod_id`, `inve_cantidad_disponible`, `inve_labo_id`, `inve_fecha`) VALUES (\'Ingreso\', \'2\', NULL, \'3\', \'2024-06-7 23:31:21\')')
 4 SYSTEMPATH\Database\BaseBuilder.php(2309): CodeIgniter\Database\BaseConnection->query('INSERT INTO `inventario` (`inve_tipomovimiento`, `inve_prod_id`, `inve_cantidad_disponible`, `inve_labo_id`, `inve_fecha`) VALUES (:inve_tipomovimiento:, :inve_prod_id:, :inve_cantidad_disponible:, :inve_labo_id:, :inve_fecha:)', [...], false)
 5 SYSTEMPATH\Model.php(330): CodeIgniter\Database\BaseBuilder->insert()
 6 SYSTEMPATH\BaseModel.php(782): CodeIgniter\Model->doInsert([...])
 7 SYSTEMPATH\Model.php(730): CodeIgniter\BaseModel->insert([...], true)
 8 APPPATH\Controllers\Inventario.php(138): CodeIgniter\Model->insert([...])
 9 SYSTEMPATH\CodeIgniter.php(934): App\Controllers\Inventario->create()
10 SYSTEMPATH\CodeIgniter.php(499): CodeIgniter\CodeIgniter->runController(Object(App\Controllers\Inventario))
11 SYSTEMPATH\CodeIgniter.php(368): CodeIgniter\CodeIgniter->handleRequest(null, Object(Config\Cache), false)
12 FCPATH\index.php(67): CodeIgniter\CodeIgniter->run()
CRITICAL - 2024-06-17 14:27:47 --> Undefined index: inve_usua_id
in APPPATH\Controllers\Inventario.php on line 133.
 1 APPPATH\Controllers\Inventario.php(133): CodeIgniter\Debug\Exceptions->errorHandler(8, 'Undefined index: inve_usua_id', 'C:\\xampp\\htdocs\\lab-backend\\app\\Controllers\\Inventario.php', 133, [...])
 2 SYSTEMPATH\CodeIgniter.php(934): App\Controllers\Inventario->create()
 3 SYSTEMPATH\CodeIgniter.php(499): CodeIgniter\CodeIgniter->runController(Object(App\Controllers\Inventario))
 4 SYSTEMPATH\CodeIgniter.php(368): CodeIgniter\CodeIgniter->handleRequest(null, Object(Config\Cache), false)
 5 FCPATH\index.php(67): CodeIgniter\CodeIgniter->run()
